[32720:39524:2024-3-13 19:20:33.925] Main Start
[32720:39524:2024-3-13 19:20:33.925] Command line:"D:\John_Hopkins_AI\creating_ai_enabled_systems\ai_enabled_system\ALRP\scoped_dir24908_1273644546\Zoom_cm_fn4kZ9vvrZo4_m3X27nrtqdyV4QDZnWlhZsNcYMgPiOvU-VhJq@-1iG02MdwMOCRzAA_k75b715f3f8fa7601_.exe"  Instance:0x410000 Show State:1
[32720:39524:2024-3-13 19:20:34.42] D:\
[32720:38408:2024-3-13 19:20:34.47] [process_requst] start, url:https://wse.zoom.us/conf/launch
[32720:38408:2024-3-13 19:20:34.437] [req_state_read_status_code] zHttpQueryInfo complete, status:200
[32720:38408:2024-3-13 19:20:34.438] [req_state_read_status_code] zHttpQueryInfo complete, status:200 Error: 0
[32720:38408:2024-3-13 19:20:34.438] [read_response_content] API call zHttpQueryInfo failed, error: 12150
[32720:38408:2024-3-13 19:20:34.440] [log_response_content] Content length (1048576 as unknown):1048576 , Total read: 1596 , Error No: 0 , Status code: 200
[32720:38408:2024-3-13 19:20:34.440] [log_response_content] header:
[32720:38408:2024-3-13 19:20:34.440] HTTP/1.1 200 OK
Date: Thu, 14 Mar 2024 00:20:35 GMT
Content-Type: text/plain;charset=utf-8
Transfer-Encoding: chunked
Connection: keep-alive
x-zm-trackingid: v=2.0;clid=aw1;rid=WEB_043787e146c27c337e37ae23857a9a59
x-content-type-options: nosniff
content-security-policy: upgrade-insecure-requests; default-src https://*.zoom.us https://zoom.us blob: 'self'; img-src https: about: blob: data: 'self'; style-src https: safari-extension: chrome-extension: 'unsafe-inline' data: 'self'; font-src https: safari-extension: chrome-extension: blob: data: 'self'; connect-src * about: blob: data: 'self'; media-src * rtmp: blob: data: 'self'; frame-src https: ms-appx-web: zoommtg: zoomus: wvjbscheme: zoomprc: data: blob: 'self'; object-src 'none'; base-uri 'none';
x-frame-options: SAMEORIGIN
set-cookie: zm_aid=; Max-Age=0; Expires=Thu, 01 Jan 1970 00:00:10 GMT; Domain=zoom.us; Path=/; Secure; HttpOnly
x-zm-zoneid: VA
strict-transport-security: max-age=31536000; includeSubDomains
x-xss-protection: 1; mode=block
referrer-policy: strict-origin-when-cross-origin
CF-Cache-Status: DYNAMIC
Set-Cookie: zm_haid=; Max-Age=0; Expires=Thu, 01 Jan 1970 00:00:10 GMT; Domain=zoom.us; Path=/; Secure; HttpOnly
Set-Cookie: zm_tmaid=; Max-Age=0; Expires=Thu, 01 Jan 1970 00:00:10 GMT; Domain=zoom.us; Path=/; Secure; HttpOnly
Set-Cookie: zm_htmaid=; Max-Age=0; Expires=Thu, 01 Jan 1970 00:00:10 GMT; Domain=zoom.us; Path=/; Secure; HttpOnly
Set-Cookie: cred=CFF42A656771479ADC9741DDDFCED234; Path=/; Secure; HttpOnly
Set-Cookie: _zm_page_auth=aw1_c_bh3C4MtnQ3aFpQ8r7QnAcg; Domain=zoom.us; Path=/; Secure; HttpOnly
Set-Cookie: _zm_ssid=aw1_c_ggQC6oR6THe2mrL2n1x4ng; Domain=zoom.us; Path=/; Secure; HttpOnly
Set-Cookie: _zm_ctaid=LK7KBFEnQnO_0L79hGyoJw.1710375635976.86d14bb7ee9c1355af73bf7ddebef69f; Max-Age=7200; Expires=Thu, 14 Mar 2024 02:20:35 GMT; Domain=zoom.us; Path=/; Secure; HttpOnly
Set-Cookie: _zm_chtaid=891; Max-Age=7200; Expires=Thu, 14 Mar 2024 02:20:35 GMT; Domain=zoom.us; Path=/; Secure; HttpOnly
Set-Cookie: __cf_bm=OPWSVIgYJafrVEQk4pN3AEUa.Xrng4Pr4b1mZET017c-1710375635-1.0.1.1-dTDWXf0eV0tJ5RetwfWAD4OHu329uawahzC0kyj6HlLZfOx.EtcGonxlA1L1T67pj028rdYToUgmXw1K4IwmJw; path=/; expires=Thu, 14-Mar-24 00:50:35 GMT; domain=.zoom.us; HttpOnly; Secure; SameSite=None
Report-To: {"endpoints":[{"url":"https:\/\/a.nel.cloudflare.com\/report\/v3?s=cPsgsZcjuKM02TRVQabEK2AJiixcqQJre7MMWte8EcEVFHe9w4vQUh%2FfMxASvx60ddyuykxXfWu1D5zkD5PlskUoNb%2Bu8MdZMv%2F%2F%2Bl4e7xgF4I8o65Vxo7iKYRM4"}],"group":"cf-nel","max_age":604800}
NEL: {"success_fraction":0.01,"report_to":"cf-nel","max_age":604800}
Server: cloudflare
CF-RAY: 8640194c1d958f48-ORD
alt-svc: h3=":443"; ma=86400


[32720:38408:2024-3-13 19:20:34.440] [process_requst] End for url:https://wse.zoom.us/conf/launch, return code:200, Error:0, Response content size:1596
[32720:39524:2024-3-13 19:20:34.477] [imp_has_zoom_under_path] found zoom binaries under: 
[32720:39524:2024-3-13 19:20:34.477] C:\Users\pevah\AppData\Roaming\Zoom\bin\Zoom.exe
[32720:39524:2024-3-13 19:20:34.477] [client_has_installed_app] found path:
[32720:39524:2024-3-13 19:20:34.477] C:\Users\pevah\AppData\Roaming\Zoom\bin\Zoom.exe
[32720:39524:2024-3-13 19:20:34.478] [imp_has_zoom_under_path] found zoom binaries under: 
[32720:39524:2024-3-13 19:20:34.478] C:\Users\pevah\AppData\Roaming\Zoom\bin\Zoom.exe
[32720:39524:2024-3-13 19:20:34.478] [client_has_installed_app] found path:
[32720:39524:2024-3-13 19:20:34.478] C:\Users\pevah\AppData\Roaming\Zoom\bin\Zoom.exe
[32720:39524:2024-3-13 19:20:34.478] C:\Users\pevah\AppData\Roaming\Zoom\bin\Zoom.exe
[32720:39524:2024-3-13 19:20:34.583] client_launch_app: 
[32720:39524:2024-3-13 19:20:34.583] C:\Users\pevah\AppData\Roaming\Zoom\bin\Zoom.exe
[32720:39524:2024-3-13 19:20:34.583] "--url=zoommtg://win.launch?h.domain=wse.zoom.us&h.path=join&confid=dXNzPVRxdHJOV2NnRzdYbVYyOFRrQTVoUGQ1c1ZHdWlZRmxma0txeXhKU24xU0pWNWZJcmFyZ1NxTUlEZVQ4UzRNMDNUVUZsMHJ0dHVkTHFtZ2NSZVRyUUhsOGJFZy5NYW05ZE9BZ21TY0RqcU9DJnRpZD01OGY1MjM1ZWUyMWY0OTgzYWIwYjk2NTdlYTgyNDk4OA%3D%3D&mcv=0.92.11227.0929&stype=0&zc=24&browser=opera&action=join&confno=92355543105"
[32720:39524:2024-3-13 19:20:34.937] [client_launch_app] Zoom app process created, result:42
[32720:39524:2024-3-13 19:20:35.209] Main End
